This file contains any messages produced by compilers while
running configure, to aid debugging if configure makes a mistake.

It was created by gauche-trema configure 1.0, which was
generated by GNU Autoconf 2.68.  Invocation command line was

  $ ./configure 

## --------- ##
## Platform. ##
## --------- ##

hostname = ThinkPad
uname -m = i686
uname -r = 3.2.0-23-generic
uname -s = Linux
uname -v = #36-Ubuntu SMP Tue Apr 10 20:41:14 UTC 2012

/usr/bin/uname -p = unknown
/bin/uname -X     = unknown

/bin/arch              = unknown
/usr/bin/arch -k       = unknown
/usr/convex/getsysinfo = unknown
/usr/bin/hostinfo      = unknown
/bin/machine           = unknown
/usr/bin/oslevel       = unknown
/bin/universe          = unknown

PATH: /usr/lib/lightdm/lightdm
PATH: /usr/local/sbin
PATH: /usr/local/bin
PATH: /usr/sbin
PATH: /usr/bin
PATH: /sbin
PATH: /bin
PATH: /usr/games


## ----------- ##
## Core tests. ##
## ----------- ##

configure:1694: checking for gosh
configure:1712: found /usr/bin/gosh
configure:1724: result: /usr/bin/gosh
configure:1734: checking for gauche-config
configure:1752: found /usr/bin/gauche-config
configure:1764: result: /usr/bin/gauche-config
configure:1774: checking for gauche-package
configure:1792: found /usr/bin/gauche-package
configure:1804: result: /usr/bin/gauche-package
configure:1814: checking for gauche-install
configure:1832: found /usr/bin/gauche-install
configure:1844: result: /usr/bin/gauche-install
configure:1854: checking for gauche-cesconv
configure:1872: found /usr/bin/gauche-cesconv
configure:1884: result: /usr/bin/gauche-cesconv
configure:1931: creating gauche-trema.gpd
configure:2090: creating ./config.status

## ---------------------- ##
## Running config.status. ##
## ---------------------- ##

This file was extended by gauche-trema config.status 1.0, which was
generated by GNU Autoconf 2.68.  Invocation command line was

  CONFIG_FILES    = 
  CONFIG_HEADERS  = 
  CONFIG_LINKS    = 
  CONFIG_COMMANDS = 
  $ ./config.status 

on ThinkPad

config.status:743: creating Makefile

## ---------------- ##
## Cache variables. ##
## ---------------- ##

ac_cv_env_build_alias_set=
ac_cv_env_build_alias_value=
ac_cv_env_host_alias_set=
ac_cv_env_host_alias_value=
ac_cv_env_target_alias_set=
ac_cv_env_target_alias_value=
ac_cv_path_GAUCHE_CESCONV=/usr/bin/gauche-cesconv
ac_cv_path_GAUCHE_CONFIG=/usr/bin/gauche-config
ac_cv_path_GAUCHE_INSTALL=/usr/bin/gauche-install
ac_cv_path_GAUCHE_PACKAGE=/usr/bin/gauche-package
ac_cv_path_GOSH=/usr/bin/gosh

## ----------------- ##
## Output variables. ##
## ----------------- ##

DEFS='-DPACKAGE_NAME=\"gauche-trema\" -DPACKAGE_TARNAME=\"gauche-trema\" -DPACKAGE_VERSION=\"1.0\" -DPACKAGE_STRING=\"gauche-trema\ 1.0\" -DPACKAGE_BUGREPORT=\"shiro@acm.org\" -DPACKAGE_URL=\"\"'
ECHO_C=''
ECHO_N='-n'
ECHO_T=''
EXEEXT=''
GAUCHE_CC='gcc -std=gnu99'
GAUCHE_CESCONV='/usr/bin/gauche-cesconv'
GAUCHE_CONFIG='/usr/bin/gauche-config'
GAUCHE_INSTALL='/usr/bin/gauche-install'
GAUCHE_LIBDIR='-L/usr/lib/gauche-0.9/0.9.1/i686-pc-linux-gnu '
GAUCHE_PACKAGE='/usr/bin/gauche-package'
GAUCHE_PKGARCHDIR='${libdir}/gauche-0.9/site/i686-pc-linux-gnu'
GAUCHE_PKGINCDIR='${libdir}/gauche-0.9/site/include'
GAUCHE_PKGLIBDIR='${datadir}/gauche-0.9/site/lib'
GAUCHE_TREMA_LIBS='-lgauche-0.9 -ldl -lcrypt -lm  -lpthread -ltrema -lrt -lsqlite3'
GOSH='/usr/bin/gosh'
LIBOBJS=''
LIBS=''
LOCAL_PATHS=''
LTLIBOBJS=''
OBJEXT='o'
PACKAGE_BUGREPORT='shiro@acm.org'
PACKAGE_NAME='gauche-trema'
PACKAGE_STRING='gauche-trema 1.0'
PACKAGE_TARNAME='gauche-trema'
PACKAGE_URL=''
PACKAGE_VERSION='1.0'
PATH_SEPARATOR=':'
SHELL='/bin/bash'
SOEXT='so'
TREMA_CFLAGS='-I/var/lib/gems/1.8/gems/trema-0.3.20/src/lib -I/var/lib/gems/1.8/gems/trema-0.3.20/objects/openflow'
TREMA_HOME='/var/lib/gems/1.8/gems/trema-0.3.20'
TREMA_LDFLAGS='-L/var/lib/gems/1.8/gems/trema-0.3.20/objects/lib '
TREMA_LIBS='-ltrema -lrt -lpthread -lsqlite3 -ldl'
bindir='${exec_prefix}/bin'
build_alias=''
datadir='${datarootdir}'
datarootdir='${prefix}/share'
docdir='${datarootdir}/doc/${PACKAGE_TARNAME}'
dvidir='${docdir}'
exec_prefix='${prefix}'
host_alias=''
htmldir='${docdir}'
includedir='${prefix}/include'
infodir='${datarootdir}/info'
libdir='${exec_prefix}/lib'
libexecdir='${exec_prefix}/libexec'
localedir='${datarootdir}/locale'
localstatedir='${prefix}/var'
mandir='${datarootdir}/man'
oldincludedir='/usr/include'
pdfdir='${docdir}'
prefix='/usr'
program_transform_name='s,x,x,'
psdir='${docdir}'
sbindir='${exec_prefix}/sbin'
sharedstatedir='${prefix}/com'
sysconfdir='${prefix}/etc'
target_alias=''

## ----------- ##
## confdefs.h. ##
## ----------- ##

/* confdefs.h */
#define PACKAGE_NAME "gauche-trema"
#define PACKAGE_TARNAME "gauche-trema"
#define PACKAGE_VERSION "1.0"
#define PACKAGE_STRING "gauche-trema 1.0"
#define PACKAGE_BUGREPORT "shiro@acm.org"
#define PACKAGE_URL ""

configure: exit 0
